psd281
*   5b883fc 9th commit, branch4 and master merge, 5th on master
|\  
| *   f334a3f 7th commit, branch4 and branch2 merge, 1st on branch4
| |\  
| | * 7b4ebe0 4th commit, 1st on branch2
* | |   03d1890 8th commit, branch3 and master merge, 4th on master
|\ \ \  
| |/ /  
|/| |   
| * | 81b34a0 5th commit, 1st on branch3
* | |   beda4f5 6th commit, master and branch1 merge, 3rd on master
|\ \ \  
| |/ /  
| | /   
| |/    
|/|     
| * 04cfe16 1st commit branch1
* | 75102db 3rd commit, 2nd on master
|/  
* bd078a5 1st commit master
