sss713
*   bbfe773 9th commit, branch4 and master merge, 5th on master
|\  
| *   9bc6566 7th commit, branch4 and branch2 merge, 1st on branch4
| |\  
| | * c6f9f69 4th commit, 1st on branch2
* | |   dd637d0 8th commit, branch3 and master merge, 4th on master
|\ \ \  
| |/ /  
|/| |   
| * | 7555fbd 5th commit, 1st on branch3
* | |   329bb3b 6th commit, master and branch1 merge, 3rd on master
|\ \ \  
| |/ /  
| | /   
| |/    
|/|     
| * 338b15f 1 commit branch1
* | 824d530 3rd commit, 2nd on master
|/  
* 73f4207 1st commit master
